2025-09-26 11:44:00 | DEBUG | repo=tictactoe | action=commit
2025-10-12 19:22:00 | WARN | repo=tictactoe | action=commit
2025-08-11 20:07:00 | WARN | repo=tictactoe | action=commit
2025-12-03 19:04:00 | INFO | repo=tictactoe | action=commit
2025-12-21 14:55:00 | INFO | repo=tictactoe | action=commit
2025-01-21 21:36:00 | WARN | repo=tictactoe | action=commit
2025-05-04 09:41:00 | WARN | repo=tictactoe | action=commit
2025-07-27 09:09:00 | INFO | repo=tictactoe | action=pull
2025-02-03 08:13:00 | INFO | repo=tictactoe | action=commit
2025-04-22 18:21:00 | INFO | repo=tictactoe | action=commit
2025-05-04 13:47:00 | INFO | repo=tictactoe | action=edit | files=5
2025-11-02 18:26:00 | INFO | repo=tictactoe | action=commit
2025-08-26 14:22:00 | INFO | repo=tictactoe | action=commit
2025-12-20 08:18:00 | DEBUG | repo=tictactoe | action=commit
2025-04-02 07:26:00 | INFO | repo=tictactoe | action=commit
2025-02-14 11:47:00 | WARN | repo=tictactoe | action=commit
2025-01-08 07:42:00 | INFO | repo=tictactoe | action=commit
2025-07-04 08:09:00 | WARN | repo=tictactoe | action=pull
2025-05-23 17:42:00 | INFO | repo=tictactoe | action=commit
2025-09-04 11:13:00 | DEBUG | repo=tictactoe | action=pull
2025-05-08 07:54:00 | INFO | repo=tictactoe | action=commit
2025-09-19 10:54:00 | WARN | repo=tictactoe | action=commit
2025-05-02 08:07:00 | WARN | repo=tictactoe | action=commit
2025-09-17 07:24:00 | DEBUG | repo=tictactoe | action=commit
2025-06-26 21:09:00 | DEBUG | repo=tictactoe | action=commit
2025-01-10 08:38:00 | WARN | repo=tictactoe | action=commit
2025-11-22 20:42:00 | INFO | repo=tictactoe | action=test | passed=true
2025-11-11 08:04:00 | DEBUG | repo=tictactoe | action=commit
2025-11-07 09:41:00 | DEBUG | repo=tictactoe | action=commit
2025-11-19 21:10:00 | WARN | repo=tictactoe | action=pull
2025-10-03 07:40:00 | WARN | repo=tictactoe | action=commit
2025-05-20 21:59:00 | INFO | repo=tictactoe | action=pull
2025-03-03 10:38:00 | INFO | repo=tictactoe | action=commit
2025-01-12 20:29:00 | INFO | repo=tictactoe | action=commit
2025-06-07 14:09:00 | WARN | repo=tictactoe | action=pull
2025-12-03 16:19:00 | DEBUG | repo=tictactoe | action=commit
2025-02-20 13:23:00 | INFO | repo=tictactoe | action=commit
2025-08-01 08:42:00 | WARN | repo=tictactoe | action=pull
2025-10-05 14:51:00 | WARN | repo=tictactoe | action=commit
2025-08-20 16:19:00 | INFO | repo=tictactoe | action=commit
2025-12-06 17:12:00 | DEBUG | repo=tictactoe | action=edit | files=5
2025-10-18 09:31:00 | WARN | repo=tictactoe | action=commit
2025-06-19 11:50:00 | DEBUG | repo=tictactoe | action=commit
2025-01-05 12:51:00 | DEBUG | repo=tictactoe | action=commit
2025-04-20 08:27:00 | WARN | repo=tictactoe | action=commit
2025-06-28 19:33:00 | DEBUG | repo=tictactoe | action=commit
2025-04-17 13:40:00 | DEBUG | repo=tictactoe | action=commit
